# JRE version: OpenJDK Runtime Environment (11.0.11+9) (build 11.0.11+9-b60-7590822)
# Java VM: OpenJDK 64-Bit Server VM (11.0.11+9-b60-7590822, mixed mode, tiered, compressed oops, g1 gc, windows-amd64)
Heap:
 garbage-first heap   total 458752K, used 167382K [0x0000000080000000, 0x0000000100000000)
  region size 1024K, 9 young (9216K), 3 survivors (3072K)
 Metaspace       used 107034K, capacity 109923K, committed 110144K, reserved 1144832K
  class space    used 13723K, capacity 14857K, committed 14976K, reserved 1048576K
GC Heap History (20 events):
Event: 43.035 GC heap before
{Heap before GC invocations=50 (full 0):
 garbage-first heap   total 390144K, used 334893K [0x0000000080000000, 0x0000000100000000)
  region size 1024K, 219 young (224256K), 10 survivors (10240K)
 Metaspace       used 100842K, capacity 103516K, committed 103872K, reserved 1138688K
  class space    used 13068K, capacity 14113K, committed 14336K, reserved 1048576K
}
Event: 43.051 GC heap after
{Heap after GC invocations=51 (full 0):
 garbage-first heap   total 390144K, used 116784K [0x0000000080000000, 0x0000000100000000)
  region size 1024K, 6 young (6144K), 6 survivors (6144K)
 Metaspace       used 100842K, capacity 103516K, committed 103872K, reserved 1138688K
  class space    used 13068K, capacity 14113K, committed 14336K, reserved 1048576K
}
Event: 44.388 GC heap before
{Heap before GC invocations=51 (full 0):
 garbage-first heap   total 390144K, used 334896K [0x0000000080000000, 0x0000000100000000)
  region size 1024K, 220 young (225280K), 6 survivors (6144K)
 Metaspace       used 100892K, capacity 103531K, committed 103872K, reserved 1138688K
  class space    used 13069K, capacity 14115K, committed 14336K, reserved 1048576K
}
Event: 44.415 GC heap after
{Heap after GC invocations=52 (full 0):
 garbage-first heap   total 390144K, used 123650K [0x0000000080000000, 0x0000000100000000)
  region size 1024K, 13 young (13312K), 13 survivors (13312K)
 Metaspace       used 100892K, capacity 103531K, committed 103872K, reserved 1138688K
  class space    used 13069K, capacity 14115K, committed 14336K, reserved 1048576K
}
Event: 45.415 GC heap before
{Heap before GC invocations=52 (full 0):
 garbage-first heap   total 390144K, used 328450K [0x0000000080000000, 0x0000000100000000)
  region size 1024K, 214 young (219136K), 13 survivors (13312K)
 Metaspace       used 100900K, capacity 103533K, committed 103872K, reserved 1138688K
  class space    used 13070K, capacity 14115K, committed 14336K, reserved 1048576K
}
Event: 45.444 GC heap after
{Heap after GC invocations=53 (full 0):
 garbage-first heap   total 458752K, used 125678K [0x0000000080000000, 0x0000000100000000)
  region size 1024K, 15 young (15360K), 15 survivors (15360K)
 Metaspace       used 100900K, capacity 103533K, committed 103872K, reserved 1138688K
  class space    used 13070K, capacity 14115K, committed 14336K, reserved 1048576K
}
Event: 46.638 GC heap before
{Heap before GC invocations=53 (full 0):
 garbage-first heap   total 458752K, used 379630K [0x0000000080000000, 0x0000000100000000)
  region size 1024K, 263 young (269312K), 15 survivors (15360K)
 Metaspace       used 100916K, capacity 103533K, committed 103872K, reserved 1138688K
  class space    used 13071K, capacity 14115K, committed 14336K, reserved 1048576K
}
Event: 46.666 GC heap after
{Heap after GC invocations=54 (full 0):
 garbage-first heap   total 458752K, used 126469K [0x0000000080000000, 0x0000000100000000)
  region size 1024K, 15 young (15360K), 15 survivors (15360K)
 Metaspace       used 100916K, capacity 103533K, committed 103872K, reserved 1138688K
  class space    used 13071K, capacity 14115K, committed 14336K, reserved 1048576K
}
Event: 47.936 GC heap before
{Heap before GC invocations=54 (full 0):
 garbage-first heap   total 458752K, used 385540K [0x0000000080000000, 0x0000000100000000)
  region size 1024K, 268 young (274432K), 15 survivors (15360K)
 Metaspace       used 100947K, capacity 103613K, committed 104128K, reserved 1138688K
  class space    used 13074K, capacity 14119K, committed 14336K, reserved 1048576K
}
Event: 47.960 GC heap after
{Heap after GC invocations=55 (full 0):
 garbage-first heap   total 458752K, used 124506K [0x0000000080000000, 0x0000000100000000)
  region size 1024K, 13 young (13312K), 13 survivors (13312K)
 Metaspace       used 100947K, capacity 103613K, committed 104128K, reserved 1138688K
  class space    used 13074K, capacity 14119K, committed 14336K, reserved 1048576K
}
Event: 49.140 GC heap before
{Heap before GC invocations=55 (full 0):
 garbage-first heap   total 458752K, used 384602K [0x0000000080000000, 0x0000000100000000)
  region size 1024K, 268 young (274432K), 13 survivors (13312K)
 Metaspace       used 100970K, capacity 103620K, committed 104128K, reserved 1138688K
  class space    used 13076K, capacity 14121K, committed 14336K, reserved 1048576K
}
Event: 49.161 GC heap after
{Heap after GC invocations=56 (full 0):
 garbage-first heap   total 458752K, used 123043K [0x0000000080000000, 0x0000000100000000)
  region size 1024K, 12 young (12288K), 12 survivors (12288K)
 Metaspace       used 100970K, capacity 103620K, committed 104128K, reserved 1138688K
  class space    used 13076K, capacity 14121K, committed 14336K, reserved 1048576K
}
Event: 52.006 GC heap before
{Heap before GC invocations=56 (full 0):
 garbage-first heap   total 458752K, used 402595K [0x0000000080000000, 0x0000000100000000)
  region size 1024K, 268 young (274432K), 12 survivors (12288K)
 Metaspace       used 102830K, capacity 105652K, committed 105792K, reserved 1140736K
  class space    used 13255K, capacity 14357K, committed 14464K, reserved 1048576K
}
Event: 52.079 GC heap after
{Heap after GC invocations=57 (full 0):
 garbage-first heap   total 458752K, used 157417K [0x0000000080000000, 0x0000000100000000)
  region size 1024K, 34 young (34816K), 34 survivors (34816K)
 Metaspace       used 102830K, capacity 105652K, committed 105792K, reserved 1140736K
  class space    used 13255K, capacity 14357K, committed 14464K, reserved 1048576K
}
Event: 55.177 GC heap before
{Heap before GC invocations=57 (full 0):
 garbage-first heap   total 458752K, used 387817K [0x0000000080000000, 0x0000000100000000)
  region size 1024K, 242 young (247808K), 34 survivors (34816K)
 Metaspace       used 103480K, capacity 106294K, committed 106688K, reserved 1140736K
  class space    used 13321K, capacity 14439K, committed 14592K, reserved 1048576K
}
Event: 55.317 GC heap after
{Heap after GC invocations=58 (full 0):
 garbage-first heap   total 458752K, used 201472K [0x0000000080000000, 0x0000000100000000)
  region size 1024K, 31 young (31744K), 31 survivors (31744K)
 Metaspace       used 103480K, capacity 106294K, committed 106688K, reserved 1140736K
  class space    used 13321K, capacity 14439K, committed 14592K, reserved 1048576K
}
Event: 58.168 GC heap before
{Heap before GC invocations=58 (full 0):
 garbage-first heap   total 458752K, used 374528K [0x0000000080000000, 0x0000000100000000)
  region size 1024K, 190 young (194560K), 31 survivors (31744K)
 Metaspace       used 104926K, capacity 107808K, committed 108096K, reserved 1142784K
  class space    used 13470K, capacity 14593K, committed 14720K, reserved 1048576K
}
Event: 58.243 GC heap after
{Heap after GC invocations=59 (full 0):
 garbage-first heap   total 458752K, used 209407K [0x0000000080000000, 0x0000000100000000)
  region size 1024K, 12 young (12288K), 12 survivors (12288K)
 Metaspace       used 104926K, capacity 107808K, committed 108096K, reserved 1142784K
  class space    used 13470K, capacity 14593K, committed 14720K, reserved 1048576K
}
Event: 60.884 GC heap before
{Heap before GC invocations=59 (full 0):
 garbage-first heap   total 458752K, used 318975K [0x0000000080000000, 0x0000000100000000)
  region size 1024K, 112 young (114688K), 12 survivors (12288K)
 Metaspace       used 106565K, capacity 109454K, committed 109760K, reserved 1144832K
  class space    used 13666K, capacity 14792K, committed 14848K, reserved 1048576K
}
Event: 60.902 GC heap after
{Heap after GC invocations=60 (full 0):
 garbage-first heap   total 458752K, used 218582K [0x0000000080000000, 0x0000000100000000)
  region size 1024K, 3 young (3072K), 3 survivors (3072K)
 Metaspace       used 106565K, capacity 109454K, committed 109760K, reserved 1144832K
  class space    used 13666K, capacity 14792K, committed 14848K, reserved 1048576K
}

